<?xml version="1.0" encoding="UTF-8"?>
<testng-results skipped="0" failed="0" ignored="0" total="1" passed="1">
  <reporter-output>
  </reporter-output>
  <suite name="Test" duration-ms="64507" started-at="2020-07-16T20:11:39 IST" finished-at="2020-07-16T20:12:43 IST">
    <groups>
    </groups>
    <test name="WINTEST" duration-ms="64507" started-at="2020-07-16T20:11:39 IST" finished-at="2020-07-16T20:12:43 IST">
      <class name="lambda.test">
        <test-method status="PASS" signature="setUp(java.lang.String)[pri:0, instance:lambda.test@3b084709]" name="setUp" is-config="true" duration-ms="52953" started-at="2020-07-16T20:11:39 IST" finished-at="2020-07-16T20:12:32 IST">
          <params>
            <param index="0">
              <value>
                <![CDATA[Internet Explorer]]>
              </value>
            </param>
          </params>
          <reporter-output>
          </reporter-output>
        </test-method> <!-- setUp -->
        <test-method status="PASS" signature="testSimple()[pri:0, instance:lambda.test@3b084709]" name="testSimple" duration-ms="9492" started-at="2020-07-16T20:12:32 IST" finished-at="2020-07-16T20:12:41 IST">
          <reporter-output>
          </reporter-output>
        </test-method> <!-- testSimple -->
        <test-method status="PASS" signature="tearDown()[pri:0, instance:lambda.test@3b084709]" name="tearDown" is-config="true" duration-ms="2043" started-at="2020-07-16T20:12:41 IST" finished-at="2020-07-16T20:12:43 IST">
          <reporter-output>
          </reporter-output>
        </test-method> <!-- tearDown -->
      </class> <!-- lambda.test -->
    </test> <!-- WINTEST -->
  </suite> <!-- Test -->
</testng-results>
